=== COMPREHENSIVE CATEGORY RESTORATION FROM LIVE DATABASE (NAME MATCHING) ===

Step 1: Building product name to ID mapping from current database...
  Built mapping for 5273 products

Step 2: Parsing live products.sql to extract product names...
  Extracted 5361 product names from backup

Step 3: Parsing category-product relationships from backup...
  Parsed 15950 relationships

Step 4: Restoring relationships...
  Clearing existing relationships...
  Cleared.

  Inserted 500 relationships...
  Inserted 1000 relationships...
  Inserted 1500 relationships...
  Inserted 2000 relationships...
  Inserted 2500 relationships...
  Inserted 3000 relationships...
  Inserted 3500 relationships...
  Inserted 4000 relationships...
  Inserted 4500 relationships...
  Inserted 5000 relationships...
  Inserted 5500 relationships...
  Inserted 6000 relationships...
  Inserted 6500 relationships...
  Inserted 7000 relationships...
  Inserted 7500 relationships...
  Inserted 8000 relationships...
  Inserted 8500 relationships...
  Inserted 9000 relationships...
  Inserted 9500 relationships...
  Inserted 10000 relationships...
  Inserted 10500 relationships...
  Inserted 11000 relationships...
  Inserted 11500 relationships...
  Inserted 12000 relationships...
  Inserted 12500 relationships...
  Inserted 13000 relationships...
  Inserted 13500 relationships...
  Inserted 14000 relationships...
  Inserted 14500 relationships...
  Inserted 15000 relationships...
  Inserted 15500 relationships...

=== RESTORATION COMPLETE ===

Summary:
  Total relationships in backup: 15950
  Successfully inserted: 15605
  Skipped (category not found): 0
  Skipped (product name not in backup): 0
  Skipped (product not in current DB): 150
  Errors: 0
  Categories updated: 54

=== FINAL DATABASE STATS ===
Total products: 5344
Products with categories: 5236
Products without categories: 108
Total category relationships: 15605

=== TOP 10 CATEGORIES BY PRODUCT COUNT ===

   Illuminate\Database\QueryException 

  SQLSTATE[42S22]: Column not found: 1054 Unknown column 'category_name' in 'field list' (SQL: select `category_name` from `product_categories` where `id` = 84 limit 1)

  at vendor/laravel/framework/src/Illuminate/Database/Connection.php:712
    708▕         // If an exception occurs when attempting to run a query, we'll format the error
    709▕         // message to include the bindings with SQL, which will make this exception a
    710▕         // lot more helpful to the developer instead of just the database's errors.
    711▕         catch (Exception $e) {
  ➜ 712▕             throw new QueryException(
    713▕                 $query, $this->prepareBindings($bindings), $e
    714▕             );
    715▕         }
    716▕     }

  • A column was not found: You might have forgotten to run your migrations. You can run your migrations using `php artisan migrate`. 
    https://laravel.com/docs/master/migrations#running-migrations

      [2m+11 vendor frames [22m
  12  restore-categories-by-name.php:179
      Illuminate\Database\Query\Builder::value()
